<?xml version="1.0" encoding="UTF-8"?>
<!-- Generated by org.testng.reporters.JUnitXMLReporter -->
<testsuite hostname="Ayfers-MacBook-Pro.local" ignored="0" name="Google Test" tests="4" failures="0" timestamp="11 Jan 2020 19:36:27 GMT" time="45.392" errors="0">
  <testcase name="googleTitleTest_1" time="34.97" classname="com.mytests.GoogleTest"/>
  <testcase name="googleTitleTest_4" time="30.62" classname="com.mytests.GoogleTest"/>
  <testcase name="googleTitleTest_2" time="32.812" classname="com.mytests.GoogleTest"/>
  <testcase name="googleTitleTest_3" time="1.479" classname="com.mytests.GoogleTest"/>
</testsuite> <!-- Google Test -->
