<?xml version="1.0" encoding="UTF-8"?>
<testng-results skipped="0" failed="0" ignored="0" total="6" passed="6">
  <reporter-output>
  </reporter-output>
  <suite name="Thread Local Test Sanity Suite" duration-ms="45392" started-at="2020-01-11T19:35:42Z" finished-at="2020-01-11T19:36:27Z">
    <groups>
    </groups>
    <test name="Facebook Test" duration-ms="41309" started-at="2020-01-11T19:35:42Z" finished-at="2020-01-11T19:36:23Z">
      <class name="com.mytests.FacebookTest">
        <test-method status="PASS" signature="setUp(java.lang.String)[pri:0, instance:com.mytests.FacebookTest@271053e1]" name="setUp" is-config="true" duration-ms="9590" started-at="2020-01-11T19:35:42Z" finished-at="2020-01-11T19:35:52Z">
          <params>
            <param index="0">
              <value>
                <![CDATA[firefox]]>
              </value>
            </param>
          </params>
          <reporter-output>
          </reporter-output>
        </test-method> <!-- setUp -->
        <test-method status="PASS" signature="setUp(java.lang.String)[pri:0, instance:com.mytests.FacebookTest@271053e1]" name="setUp" is-config="true" duration-ms="11946" started-at="2020-01-11T19:35:42Z" finished-at="2020-01-11T19:35:54Z">
          <params>
            <param index="0">
              <value>
                <![CDATA[firefox]]>
              </value>
            </param>
          </params>
          <reporter-output>
          </reporter-output>
        </test-method> <!-- setUp -->
        <test-method status="PASS" signature="facebookTitleTest_2()[pri:0, instance:com.mytests.FacebookTest@271053e1]" name="facebookTitleTest_2" duration-ms="27854" started-at="2020-01-11T19:35:52Z" finished-at="2020-01-11T19:36:19Z">
          <reporter-output>
          </reporter-output>
        </test-method> <!-- facebookTitleTest_2 -->
        <test-method status="PASS" signature="facebookTitleTest_1()[pri:0, instance:com.mytests.FacebookTest@271053e1]" name="facebookTitleTest_1" duration-ms="27590" started-at="2020-01-11T19:35:54Z" finished-at="2020-01-11T19:36:22Z">
          <reporter-output>
          </reporter-output>
        </test-method> <!-- facebookTitleTest_1 -->
        <test-method status="PASS" signature="tearDown()[pri:0, instance:com.mytests.FacebookTest@271053e1]" name="tearDown" is-config="true" duration-ms="2164" started-at="2020-01-11T19:36:19Z" finished-at="2020-01-11T19:36:22Z">
          <reporter-output>
          </reporter-output>
        </test-method> <!-- tearDown -->
        <test-method status="PASS" signature="tearDown()[pri:0, instance:com.mytests.FacebookTest@271053e1]" name="tearDown" is-config="true" duration-ms="1754" started-at="2020-01-11T19:36:22Z" finished-at="2020-01-11T19:36:23Z">
          <reporter-output>
          </reporter-output>
        </test-method> <!-- tearDown -->
      </class> <!-- com.mytests.FacebookTest -->
    </test> <!-- Facebook Test -->
    <test name="Google Test" duration-ms="45392" started-at="2020-01-11T19:35:42Z" finished-at="2020-01-11T19:36:27Z">
      <class name="com.mytests.GoogleTest">
        <test-method status="PASS" signature="setUp(java.lang.String)[pri:0, instance:com.mytests.GoogleTest@5e3a8624]" name="setUp" is-config="true" duration-ms="2472" started-at="2020-01-11T19:35:42Z" finished-at="2020-01-11T19:35:44Z">
          <params>
            <param index="0">
              <value>
                <![CDATA[chrome]]>
              </value>
            </param>
          </params>
          <reporter-output>
          </reporter-output>
        </test-method> <!-- setUp -->
        <test-method status="PASS" signature="setUp(java.lang.String)[pri:0, instance:com.mytests.GoogleTest@5e3a8624]" name="setUp" is-config="true" duration-ms="6823" started-at="2020-01-11T19:35:42Z" finished-at="2020-01-11T19:35:49Z">
          <params>
            <param index="0">
              <value>
                <![CDATA[chrome]]>
              </value>
            </param>
          </params>
          <reporter-output>
          </reporter-output>
        </test-method> <!-- setUp -->
        <test-method status="PASS" signature="setUp(java.lang.String)[pri:0, instance:com.mytests.GoogleTest@5e3a8624]" name="setUp" is-config="true" duration-ms="37428" started-at="2020-01-11T19:35:42Z" finished-at="2020-01-11T19:36:19Z">
          <params>
            <param index="0">
              <value>
                <![CDATA[chrome]]>
              </value>
            </param>
          </params>
          <reporter-output>
          </reporter-output>
        </test-method> <!-- setUp -->
        <test-method status="PASS" signature="setUp(java.lang.String)[pri:0, instance:com.mytests.GoogleTest@5e3a8624]" name="setUp" is-config="true" duration-ms="4630" started-at="2020-01-11T19:35:42Z" finished-at="2020-01-11T19:35:47Z">
          <params>
            <param index="0">
              <value>
                <![CDATA[chrome]]>
              </value>
            </param>
          </params>
          <reporter-output>
          </reporter-output>
        </test-method> <!-- setUp -->
        <test-method status="PASS" signature="googleTitleTest_1()[pri:0, instance:com.mytests.GoogleTest@5e3a8624]" name="googleTitleTest_1" duration-ms="34970" started-at="2020-01-11T19:35:44Z" finished-at="2020-01-11T19:36:19Z">
          <reporter-output>
          </reporter-output>
        </test-method> <!-- googleTitleTest_1 -->
        <test-method status="PASS" signature="googleTitleTest_2()[pri:0, instance:com.mytests.GoogleTest@5e3a8624]" name="googleTitleTest_2" duration-ms="32812" started-at="2020-01-11T19:35:47Z" finished-at="2020-01-11T19:36:19Z">
          <reporter-output>
          </reporter-output>
        </test-method> <!-- googleTitleTest_2 -->
        <test-method status="PASS" signature="googleTitleTest_4()[pri:0, instance:com.mytests.GoogleTest@5e3a8624]" name="googleTitleTest_4" duration-ms="30620" started-at="2020-01-11T19:35:49Z" finished-at="2020-01-11T19:36:19Z">
          <reporter-output>
          </reporter-output>
        </test-method> <!-- googleTitleTest_4 -->
        <test-method status="PASS" signature="googleTitleTest_3()[pri:0, instance:com.mytests.GoogleTest@5e3a8624]" name="googleTitleTest_3" duration-ms="1479" started-at="2020-01-11T19:36:19Z" finished-at="2020-01-11T19:36:21Z">
          <reporter-output>
          </reporter-output>
        </test-method> <!-- googleTitleTest_3 -->
        <test-method status="PASS" signature="tearDown()[pri:0, instance:com.mytests.GoogleTest@5e3a8624]" name="tearDown" is-config="true" duration-ms="2885" started-at="2020-01-11T19:36:19Z" finished-at="2020-01-11T19:36:22Z">
          <reporter-output>
          </reporter-output>
        </test-method> <!-- tearDown -->
        <test-method status="PASS" signature="tearDown()[pri:0, instance:com.mytests.GoogleTest@5e3a8624]" name="tearDown" is-config="true" duration-ms="7920" started-at="2020-01-11T19:36:19Z" finished-at="2020-01-11T19:36:27Z">
          <reporter-output>
          </reporter-output>
        </test-method> <!-- tearDown -->
        <test-method status="PASS" signature="tearDown()[pri:0, instance:com.mytests.GoogleTest@5e3a8624]" name="tearDown" is-config="true" duration-ms="6297" started-at="2020-01-11T19:36:19Z" finished-at="2020-01-11T19:36:26Z">
          <reporter-output>
          </reporter-output>
        </test-method> <!-- tearDown -->
        <test-method status="PASS" signature="tearDown()[pri:0, instance:com.mytests.GoogleTest@5e3a8624]" name="tearDown" is-config="true" duration-ms="3222" started-at="2020-01-11T19:36:21Z" finished-at="2020-01-11T19:36:24Z">
          <reporter-output>
          </reporter-output>
        </test-method> <!-- tearDown -->
      </class> <!-- com.mytests.GoogleTest -->
    </test> <!-- Google Test -->
  </suite> <!-- Thread Local Test Sanity Suite -->
</testng-results>
